[BuildSceneController] SceneManager: 0x21A64CEC70, Heap: 0x21A47ABDC8, Screen ID: 190, Unknown: 0x0, called by 0x4A9B20
[Framework] Common_Save_00 loaded! LR: 0x2772EA6674
[Framework] Registered 0x21A64D8BF8 as Common_Save_00, p2: 0x21A64CEC70, p3: 0x21A64D8B18, p4: 0x0, p5: 0x210E237DD2, param_6: 0xBE, param_7: 0x2, param_8: 0, param_9: 0xCA40, 0x3DC0
[BuildSceneController] SceneManager: 0x21A64CEC70, Heap: 0x21A47ABDC8, Screen ID: 193, Unknown: 0x0, called by 0x4A9B20
[Framework] Common_SystemPause_00 loaded! LR: 0x2772EA6674
[Framework] Registered 0x21A64DC800 as Common_SystemPause_00, p2: 0x21A64CEC70, p3: 0x21A64DC720, p4: 0x0, p5: 0x210E238DD6, param_6: 0xC1, param_7: 0x2, param_8: 0, param_9: 0xCA40, 0x3DC0
[BuildSceneController] SceneManager: 0x21A64CEC70, Heap: 0x21A660D740, Screen ID: 186, Unknown: 0x0, called by 0x4A9B20
[Framework] Common_Load_00 loaded! LR: 0x2772EA6674
[Framework] Registered 0x21A6692738 as Common_Load_00, p2: 0x21A64CEC70, p3: 0x21A6692658, p4: 0x0, p5: 0x210E237DD9, param_6: 0xBA, param_7: 0x2, param_8: 0, param_9: 0xCA00, 0x3DC0
[BuildSceneController] SceneManager: 0x21A64CEC70, Heap: 0x21A660D740, Screen ID: 185, Unknown: 0x0, called by 0x4A9B20
[Framework] Common_FadeWipe_00 loaded! LR: 0x2772EA6674
[Framework] Registered 0x21A6699A20 as Common_FadeWipe_00, p2: 0x21A64CEC70, p3: 0x21A6699940, p4: 0x0, p5: 0x210E236EBE, param_6: 0xB9, param_7: 0x2, param_8: 0, param_9: 0xCA00, 0x3DC0
[BuildSceneController] SceneManager: 0x21A64CEC70, Heap: 0x21A6CF5D18, Screen ID: 181, Unknown: 0x0, called by 0x4A9B20
[Framework] Common_BoxCursor_00 loaded! LR: 0x2772EA6674
[Framework] Registered 0x21A6D17078 as Common_BoxCursor_00, p2: 0x21A64CEC70, p3: 0x21A6D16F98, p4: 0x0, p5: 0x210E2365A2, param_6: 0xB5, param_7: 0x0, param_8: 0, param_9: 0x7C90, 0x3DC0
[BuildSceneController] SceneManager: 0x21A64CEC70, Heap: 0x21A6CF5D18, Screen ID: 39, Unknown: 0x0, called by 0x4A9B20
[Framework] Common_IslandBackBtn_00 loaded! LR: 0x2772EA6674
[Framework] Registered 0x21A6D1A170 as Common_IslandBackBtn_00, p2: 0x21A64CEC70, p3: 0x21A6D1A090, p4: 0x0, p5: 0x210E23663B, param_6: 0x27, param_7: 0x0, param_8: 1, param_9: 0x7C90, 0x3DC0
[BuildSceneController] SceneManager: 0x21A64CEC70, Heap: 0x21A6CF5D18, Screen ID: 36, Unknown: 0x0, called by 0x4A9B20
[Framework] Common_BodyEmpty_00 loaded! LR: 0x2772EA6674
[Framework] Registered 0x21A6D2FCF8 as Common_BodyEmpty_00, p2: 0x21A64CEC70, p3: 0x21A6D2FC18, p4: 0x0, p5: 0x210E236649, param_6: 0x24, param_7: 0x0, param_8: 0, param_9: 0x7C90, 0x3DC0
[BuildSceneController] SceneManager: 0x21A64CEC70, Heap: 0x21A6CF5D18, Screen ID: 158, Unknown: 0x0, called by 0x4A9B20
[Framework] Common_MenuBtn_00 loaded! LR: 0x2772EA6674
[Framework] Registered 0x21A6D32508 as Common_MenuBtn_00, p2: 0x21A64CEC70, p3: 0x21A6D32428, p4: 0x0, p5: 0x210E23668B, param_6: 0x9E, param_7: 0x0, param_8: 1, param_9: 0x7C90, 0x3DC0
[BuildSceneController] SceneManager: 0x21A64CEC70, Heap: 0x21A6CF5D18, Screen ID: 40, Unknown: 0x0, called by 0x4A9B20
[Framework] Common_Footer_00 loaded! LR: 0x2772EA6674
[Framework] Registered 0x21A6D47CF8 as Common_Footer_00, p2: 0x21A64CEC70, p3: 0x21A6D47C18, p4: 0x0, p5: 0x210E23666B, param_6: 0x28, param_7: 0x0, param_8: 1, param_9: 0x7C90, 0x3DC0
[BuildSceneController] SceneManager: 0x21A64CEC70, Heap: 0x21A6CF5D18, Screen ID: 159, Unknown: 0x0, called by 0x4A9B20
[Framework] Common_Footer_00 loaded! LR: 0x2772EA6674
[Framework] Registered 0x21A6DB3608 as Common_Footer_00, p2: 0x21A64CEC70, p3: 0x21A6DB3528, p4: 0x0, p5: 0x210E236699, param_6: 0x9F, param_7: 0x0, param_8: 1, param_9: 0x7C90, 0x3DC0
[BuildSceneController] SceneManager: 0x21A64CEC70, Heap: 0x21A6CF5D18, Screen ID: 61, Unknown: 0x0, called by 0x4A9B20
[Framework] Common_MenuBG_00 loaded! LR: 0x2772EA6674
[Framework] Registered 0x21A6E1E540 as Common_MenuBG_00, p2: 0x21A64CEC70, p3: 0x21A6E1E460, p4: 0x0, p5: 0x210E23667E, param_6: 0x3D, param_7: 0x0, param_8: 0, param_9: 0x7C90, 0x3DC0
[BuildSceneController] SceneManager: 0x21A64CEC70, Heap: 0x21A6CF5D18, Screen ID: 191, Unknown: 0x0, called by 0x4A9B20
[Framework] Common_CantTouch_00 loaded! LR: 0x2772EA6674
[Framework] Registered 0x21A6E23F50 as Common_CantTouch_00, p2: 0x21A64CEC70, p3: 0x21A6E23E70, p4: 0x0, p5: 0x210E23660A, param_6: 0xBF, param_7: 0x2, param_8: 0, param_9: 0x7C90, 0x3DC0
[BuildSceneController] SceneManager: 0x21A64CEC70, Heap: 0x21B9406690, Screen ID: 175, Unknown: 0x0, called by 0x4A9B20
[Framework] Common_Dialog_00 loaded! LR: 0x2772EA6674
[Framework] Registered 0x21B99FAA50 as Common_Dialog_00, p2: 0x21A64CEC70, p3: 0x21B99FA970, p4: 0x0, p5: 0x210E236FFB, param_6: 0xAF, param_7: 0x0, param_8: 0, param_9: 0x7360, 0x3DC0
[BuildSceneController] SceneManager: 0x21A64CEC70, Heap: 0x21B9406690, Screen ID: 141, Unknown: 0x0, called by 0x4A9B20
[Framework] Common_Text_00 loaded! LR: 0x2772EA6674
[Framework] Registered 0x21B9A0DBF0 as Common_Text_00, p2: 0x21A64CEC70, p3: 0x21B9A0DB10, p4: 0x0, p5: 0x210E23700E, param_6: 0x8D, param_7: 0x0, param_8: 0, param_9: 0x7360, 0x3DC0
[BuildSceneController] SceneManager: 0x21A64CEC70, Heap: 0x21B9406690, Screen ID: 180, Unknown: 0x0, called by 0x4A9B20
[Framework] Common_Text_00 loaded! LR: 0x2772EA6674
[Framework] Registered 0x21B9A33078 as Common_Text_00, p2: 0x21A64CEC70, p3: 0x21B9A32F98, p4: 0x0, p5: 0x210E237020, param_6: 0xB4, param_7: 0x0, param_8: 0, param_9: 0x7360, 0x3DC0
[BuildSceneController] SceneManager: 0x21A64CEC70, Heap: 0x21B9406690, Screen ID: 169, Unknown: 0x0, called by 0x4A9B20
[Framework] Common_DialogS_00 loaded! LR: 0x2772EA6674
[Framework] Registered 0x21B9A57B88 as Common_DialogS_00, p2: 0x21A64CEC70, p3: 0x21B9A57AA8, p4: 0x0, p5: 0x210E236F04, param_6: 0xA9, param_7: 0x0, param_8: 0, param_9: 0x7360, 0x3DC0
[Mod] ScreenModMenu registered
[BuildSceneController] SceneManager: 0x21A64CEC70, Heap: 0x21B9A67E90, Screen ID: 38, Unknown: 0x0, called by 0x4A9B20
[Mod] allocate heap=0x21B9A67FB0
[Mod] Got obj at: 0x21B9A68090
[ModMenuConstructor] Start
[ModMenuConstructor] calling base_ctor
[ModMenuConstructor] calling init_pane_list
[ModMenuConstructor] Done
[Mod] All animations bound. In: 0x21B9A87508, Out: 0x21B9A87668, Short: 0x21B9A87760
[Framework] Mod_Menu_00 loaded! LR: 0x2772EA6674
[Framework] Registered 0x21B9A68090 as Mod_Menu_00, p2: 0x21A64CEC70, p3: 0x21B9A67FB0, p4: 0x0, p5: 0x210E237C9A, param_6: 0x26, param_7: 0x0, param_8: 1, param_9: 0x7190, 0x3DC0
[Mod] Stored ModMenu pointer: 0x21B9A68090
[BuildSceneController] SceneManager: 0x21A64CEC70, Heap: 0x21B9A67E90, Screen ID: 166, Unknown: 0x0, called by 0x4A9B20
[Framework] Common_InlineKeyboard_00 loaded! LR: 0x2772EA6674
[Framework] Registered 0x21B9A87E68 as Common_InlineKeyboard_00, p2: 0x21A64CEC70, p3: 0x21B9A87D88, p4: 0x0, p5: 0x210E236FEC, param_6: 0xA6, param_7: 0x0, param_8: 0, param_9: 0x7190, 0x3DC0
[BuildSceneController] SceneManager: 0x21A64CEC70, Heap: 0x21B9A67E90, Screen ID: 0, Unknown: 0x0, called by 0x4A9B20
[Framework] Common_3DControl_00 loaded! LR: 0x2772EA6674
[Framework] Registered 0x21BA2545C0 as Common_3DControl_00, p2: 0x21A64CEC70, p3: 0x21BA2544E0, p4: 0x0, p5: 0x210E2364CD, param_6: 0x0, param_7: 0x0, param_8: 1, param_9: 0x7190, 0x3DC0
[BuildSceneController] SceneManager: 0x21A64CEC70, Heap: 0x21B9A67E90, Screen ID: 23, Unknown: 0x0, called by 0x4A9B20
[Framework] Island_Main_00 loaded! LR: 0x2772EA6674
[Framework] Registered 0x21BA256640 as Island_Main_00, p2: 0x21A64CEC70, p3: 0x21BA256560, p4: 0x0, p5: 0x210E237037, param_6: 0x17, param_7: 0x0, param_8: 1, param_9: 0x7190, 0x3DC0
[BuildSceneController] SceneManager: 0x21A64CEC70, Heap: 0x21B9A67E90, Screen ID: 37, Unknown: 0x0, called by 0x4A9B20
[Framework] Island_Menu_00 loaded! LR: 0x2772EA6674
[Framework] Registered 0x21BA2F25C8 as Island_Menu_00, p2: 0x21A64CEC70, p3: 0x21BA2F24E8, p4: 0x0, p5: 0x210E237088, param_6: 0x25, param_7: 0x0, param_8: 1, param_9: 0x7190, 0x3DC0
[BuildSceneController] SceneManager: 0x21A64CEC70, Heap: 0x21B9A67E90, Screen ID: 162, Unknown: 0x0, called by 0x4A9B20
[Framework] Island_LevelUp_00 loaded! LR: 0x2772EA6674
[Framework] Registered 0x21BA315508 as Island_LevelUp_00, p2: 0x21A64CEC70, p3: 0x21BA315428, p4: 0x0, p5: 0x210E23707A, param_6: 0xA2, param_7: 0x0, param_8: 1, param_9: 0x7190, 0x3DC0
[BuildSceneController] SceneManager: 0x21A64CEC70, Heap: 0x21B9A67E90, Screen ID: 89, Unknown: 0x0, called by 0x4A9B20
[Framework] Menu_PointChangeBG_00 loaded! LR: 0x2772EA6674
[Framework] Registered 0x21BA31ABD8 as Menu_PointChangeBG_00, p2: 0x21A64CEC70, p3: 0x21BA31AAF8, p4: 0x0, p5: 0x210E236F30, param_6: 0x59, param_7: 0x0, param_8: 0, param_9: 0x7190, 0x3DC0
[BuildSceneController] SceneManager: 0x21A64CEC70, Heap: 0x21B9A67E90, Screen ID: 108, Unknown: 0x0, called by 0x4A9B20
[Framework] Menu_PointChange_00 loaded! LR: 0x2772EA6674
[Framework] Registered 0x21BA34AB10 as Menu_PointChange_00, p2: 0x21A64CEC70, p3: 0x21BA34AA30, p4: 0x0, p5: 0x210E236F7A, param_6: 0x6C, param_7: 0x0, param_8: 1, param_9: 0x7190, 0x3DC0
[BuildSceneController] SceneManager: 0x21A64CEC70, Heap: 0x21B9A67E90, Screen ID: 115, Unknown: 0x0, called by 0x4A9B20
[Framework] Menu_PointChangeList_00 loaded! LR: 0x2772EA6674
[Framework] Registered 0x21BA38FE00 as Menu_PointChangeList_00, p2: 0x21A64CEC70, p3: 0x21BA38FD20, p4: 0x0, p5: 0x210E236F69, param_6: 0x73, param_7: 0x0, param_8: 1, param_9: 0x7190, 0x3DC0
[BuildSceneController] SceneManager: 0x21A64CEC70, Heap: 0x21B9A67E90, Screen ID: 165, Unknown: 0x0, called by 0x4A9B20
[Framework] Island_UnlockDirection_00 loaded! LR: 0x2772EA6674
[Framework] Registered 0x21BA48A390 as Island_UnlockDirection_00, p2: 0x21A64CEC70, p3: 0x21BA48A2B0, p4: 0x0, p5: 0x210E236F52, param_6: 0xA5, param_7: 0x0, param_8: 1, param_9: 0x7190, 0x3DC0
[BuildSceneController] SceneManager: 0x21A64CEC70, Heap: 0x21B9A67E90, Screen ID: 170, Unknown: 0x0, called by 0x4A9B20
[Framework] Menu_PointChangeDialog_00 loaded! LR: 0x2772EA6674
[Framework] Registered 0x21BA4BCCF8 as Menu_PointChangeDialog_00, p2: 0x21A64CEC70, p3: 0x21BA4BCC18, p4: 0x0, p5: 0x210E236F3F, param_6: 0xAA, param_7: 0x0, param_8: 1, param_9: 0x7190, 0x3DC0
[BuildSceneController] SceneManager: 0x21A64CEC70, Heap: 0x21B9A67E90, Screen ID: 41, Unknown: 0x0, called by 0x4A9B20
[Framework] Island_CollectMoney_00 loaded! LR: 0x2772EA6674
[Framework] Registered 0x21BA4D1688 as Island_CollectMoney_00, p2: 0x21A64CEC70, p3: 0x21BA4D15A8, p4: 0x0, p5: 0x210E236F1B, param_6: 0x29, param_7: 0x0, param_8: 0, param_9: 0x7190, 0x3DC0
[BuildSceneController] SceneManager: 0x21A64CEC70, Heap: 0x21B9A67E90, Screen ID: 164, Unknown: 0x0, called by 0x4A9B20
[Framework] Common_Skip_00 loaded! LR: 0x2772EA6674
[Framework] Registered 0x21BA4D5970 as Common_Skip_00, p2: 0x21A64CEC70, p3: 0x21BA4D5890, p4: 0x0, p5: 0x210E2366AA, param_6: 0xA4, param_7: 0x0, param_8: 0, param_9: 0x7190, 0x3DC0
[BuildSceneController] SceneManager: 0x21A64CEC70, Heap: 0x21B9A67E90, Screen ID: 22, Unknown: 0x0, called by 0x4A9B20
[Framework] Common_CinemaScope_00 loaded! LR: 0x2772EA6674
[Framework] Registered 0x21BA4D8E70 as Common_CinemaScope_00, p2: 0x21A64CEC70, p3: 0x21BA4D8D90, p4: 0x0, p5: 0x210E23662F, param_6: 0x16, param_7: 0x0, param_8: 1, param_9: 0x7190, 0x3DC0
[BuildSceneController] SceneManager: 0x21A64CEC70, Heap: 0x21B9A67E90, Screen ID: 21, Unknown: 0x0, called by 0x4A9B20
[Framework] Common_FadeSub_00 loaded! LR: 0x2772EA6674
[Framework] Registered 0x21BA55F348 as Common_FadeSub_00, p2: 0x21A64CEC70, p3: 0x21BA55F268, p4: 0x0, p5: 0x210E236EC7, param_6: 0x15, param_7: 0x0, param_8: 0, param_9: 0x7190, 0x3DC0
[BuildSceneController] SceneManager: 0x21A64CEC70, Heap: 0x21B9A67E90, Screen ID: 182, Unknown: 0x0, called by 0x4A9B20
[Framework] Common_FadeSub_00 loaded! LR: 0x2772EA6674
[Framework] Registered 0x21BA561B98 as Common_FadeSub_00, p2: 0x21A64CEC70, p3: 0x21BA561AB8, p4: 0x0, p5: 0x210E236ED6, param_6: 0xB6, param_7: 0x0, param_8: 0, param_9: 0x7190, 0x3DC0
[BuildSceneController] SceneManager: 0x21A64CEC70, Heap: 0x21B9A67E90, Screen ID: 3, Unknown: 0x0, called by 0x4A9B20
[Framework] Common_EmotionBottleInOut_00 loaded! LR: 0x2772EA6674
[Framework] Registered 0x21BA564910 as Common_EmotionBottleInOut_00, p2: 0x21A64CEC70, p3: 0x21BA564830, p4: 0x0, p5: 0x210E236BB4, param_6: 0x3, param_7: 0x0, param_8: 0, param_9: 0x7190, 0x3DC0
[BuildSceneController] SceneManager: 0x21A64CEC70, Heap: 0x21B9A67E90, Screen ID: 98, Unknown: 0x0, called by 0x4A9B20
[Framework] Menu_SelectHand loaded! LR: 0x2772EA6674
[Framework] Registered 0x21BA567D58 as Menu_SelectHand, p2: 0x21A64CEC70, p3: 0x21BA567C78, p4: 0x0, p5: 0x210E237D27, param_6: 0x62, param_7: 0x0, param_8: 0, param_9: 0x7190, 0x3DC0
[BuildSceneController] SceneManager: 0x21A64CEC70, Heap: 0x21B9A67E90, Screen ID: 114, Unknown: 0x0, called by 0x4A9B20
[Framework] Menu_PresetButton_00 loaded! LR: 0x2772EA6674
[Framework] Registered 0x21BA5787C0 as Menu_PresetButton_00, p2: 0x21A64CEC70, p3: 0x21BA5786E0, p4: 0x0, p5: 0x210E237D3F, param_6: 0x72, param_7: 0x0, param_8: 1, param_9: 0x7190, 0x3DC0
[BuildSceneController] SceneManager: 0x21A64CEC70, Heap: 0x21B9A67E90, Screen ID: 145, Unknown: 0x0, called by 0x4A9B20
[Framework] Common_Text_00 loaded! LR: 0x2772EA6674
[Framework] Registered 0x21BA5C49F8 as Common_Text_00, p2: 0x21A64CEC70, p3: 0x21BA5C4918, p4: 0x0, p5: 0x210E237A3A, param_6: 0x91, param_7: 0x0, param_8: 0, param_9: 0x7190, 0x3DC0
[BuildSceneController] SceneManager: 0x21A64CEC70, Heap: 0x21B9A67E90, Screen ID: 30, Unknown: 0x0, called by 0x4A9B20
[Framework] MiiTouch_Main_00 loaded! LR: 0x2772EA6674
[Framework] Registered 0x21BA5EA240 as MiiTouch_Main_00, p2: 0x21A64CEC70, p3: 0x21BA5EA160, p4: 0x0, p5: 0x210E237A02, param_6: 0x1E, param_7: 0x0, param_8: 1, param_9: 0x7190, 0x3DC0
[BuildSceneController] SceneManager: 0x21A64CEC70, Heap: 0x21B9A67E90, Screen ID: 32, Unknown: 0x0, called by 0x4A9B20
[Framework] MiiTouch_MiiProfile_00 loaded! LR: 0x2772EA6674
[Framework] Registered 0x21BA5F3AF0 as MiiTouch_MiiProfile_00, p2: 0x21A64CEC70, p3: 0x21BA5F3A10, p4: 0x0, p5: 0x210E237A18, param_6: 0x20, param_7: 0x0, param_8: 1, param_9: 0x7190, 0x3DC0
[BuildSceneController] SceneManager: 0x21A64CEC70, Heap: 0x21B9A67E90, Screen ID: 31, Unknown: 0x0, called by 0x4A9B20
[Framework] MiiTouch_Menu_00 loaded! LR: 0x2772EA6674
[Framework] Registered 0x21BA632080 as MiiTouch_Menu_00, p2: 0x21A64CEC70, p3: 0x21BA631FA0, p4: 0x0, p5: 0x210E237A0B, param_6: 0x1F, param_7: 0x0, param_8: 1, param_9: 0x7190, 0x3DC0
[BuildSceneController] SceneManager: 0x21A64CEC70, Heap: 0x21B9A67E90, Screen ID: 26, Unknown: 0x0, called by 0x4A9B20
[Framework] MiiTouch_Spray_00 loaded! LR: 0x2772EA6674
[Framework] Registered 0x21BA63E5B8 as MiiTouch_Spray_00, p2: 0x21A64CEC70, p3: 0x21BA63E4D8, p4: 0x0, p5: 0x210E237A2C, param_6: 0x1A, param_7: 0x0, param_8: 0, param_9: 0x7190, 0x3DC0
[BuildSceneController] SceneManager: 0x21A64CEC70, Heap: 0x21B9A67E90, Screen ID: 42, Unknown: 0x0, called by 0x4A9B20
[Framework] MiiTouch_FavoriteFoodList_00 loaded! LR: 0x2772EA6674
[Framework] Registered 0x21BA6411A0 as MiiTouch_FavoriteFoodList_00, p2: 0x21A64CEC70, p3: 0x21BA6410C0, p4: 0x0, p5: 0x210E2378FF, param_6: 0x2A, param_7: 0x0, param_8: 0, param_9: 0x7190, 0x3DC0
[BuildSceneController] SceneManager: 0x21A64CEC70, Heap: 0x21B9A67E90, Screen ID: 76, Unknown: 0x0, called by 0x4A9B20
[Framework] MiiTouch_WordsSelect_00 loaded! LR: 0x2772EA6674
[Framework] Registered 0x21BA65C9C8 as MiiTouch_WordsSelect_00, p2: 0x21A64CEC70, p3: 0x21BA65C8E8, p4: 0x0, p5: 0x210E23910D, param_6: 0x4C, param_7: 0x0, param_8: 1, param_9: 0x7190, 0x3DC0
[BuildSceneController] SceneManager: 0x21A64CEC70, Heap: 0x21B9A67E90, Screen ID: 81, Unknown: 0x0, called by 0x4A9B20
[Framework] MiiTouch_RelationNickname_00 loaded! LR: 0x2772EA6674
[Framework] Registered 0x21BA6725F8 as MiiTouch_RelationNickname_00, p2: 0x21A64CEC70, p3: 0x21BA672518, p4: 0x0, p5: 0x210E237D94, param_6: 0x51, param_7: 0x0, param_8: 1, param_9: 0x7190, 0x3DC0
[BuildSceneController] SceneManager: 0x21A64CEC70, Heap: 0x21B9A67E90, Screen ID: 79, Unknown: 0x0, called by 0x4A9B20
[Framework] Menu_Phrase_00 loaded! LR: 0x2772EA6674
[Framework] Registered 0x21BA6DD500 as Menu_Phrase_00, p2: 0x21A64CEC70, p3: 0x21BA6DD420, p4: 0x0, p5: 0x210E237D0B, param_6: 0x4F, param_7: 0x0, param_8: 1, param_9: 0x7190, 0x3DC0
[BuildSceneController] SceneManager: 0x21A64CEC70, Heap: 0x21B9A67E90, Screen ID: 120, Unknown: 0x0, called by 0x4A9B20
[Framework] Menu_MiiCharacter_00 loaded! LR: 0x2772EA6674
[Framework] Registered 0x21BA79B720 as Menu_MiiCharacter_00, p2: 0x21A64CEC70, p3: 0x21BA79B640, p4: 0x0, p5: 0x210E2376E3, param_6: 0x78, param_7: 0x0, param_8: 1, param_9: 0x7190, 0x3DC0
[BuildSceneController] SceneManager: 0x21A64CEC70, Heap: 0x21B9A67E90, Screen ID: 27, Unknown: 0x0, called by 0x4A9B20
[Framework] Common_GaugeTalkParent_00 loaded! LR: 0x2772EA6674
[Framework] Registered 0x21BA7AACE8 as Common_GaugeTalkParent_00, p2: 0x21A64CEC70, p3: 0x21BA7AAC08, p4: 0x0, p5: 0x210E238DFD, param_6: 0x1B, param_7: 0x0, param_8: 0, param_9: 0x7190, 0x3DC0
[BuildSceneController] SceneManager: 0x21A64CEC70, Heap: 0x21B9A67E90, Screen ID: 25, Unknown: 0x0, called by 0x4A9B20
[Framework] Common_ItemNew_00 loaded! LR: 0x2772EA6674
[Framework] Registered 0x21BA7B15E8 as Common_ItemNew_00, p2: 0x21A64CEC70, p3: 0x21BA7B1508, p4: 0x0, p5: 0x210E2371FD, param_6: 0x19, param_7: 0x0, param_8: 0, param_9: 0x7190, 0x3DC0
[BuildSceneController] SceneManager: 0x21A64CEC70, Heap: 0x21B9A67E90, Screen ID: 48, Unknown: 0x0, called by 0x4A9B20
[Framework] Common_TalkChoice_00 loaded! LR: 0x2772EA6674
[Framework] Registered 0x21BA7B91B0 as Common_TalkChoice_00, p2: 0x21A64CEC70, p3: 0x21BA7B90D0, p4: 0x0, p5: 0x210E238DE2, param_6: 0x30, param_7: 0x0, param_8: 1, param_9: 0x7190, 0x3DC0
[BuildSceneController] SceneManager: 0x21A64CEC70, Heap: 0x21B9A67E90, Screen ID: 49, Unknown: 0x0, called by 0x4A9B20
[Framework] Common_TalkChoiceForcus_00 loaded! LR: 0x2772EA6674
[Framework] Registered 0x21BA7CAD88 as Common_TalkChoiceForcus_00, p2: 0x21A64CEC70, p3: 0x21BA7CACA8, p4: 0x0, p5: 0x210E238DED, param_6: 0x31, param_7: 0x0, param_8: 1, param_9: 0x7190, 0x3DC0
[BuildSceneController] SceneManager: 0x21A64CEC70, Heap: 0x21B9A67E90, Screen ID: 110, Unknown: 0x0, called by 0x4A9B20
[Framework] Menu_ItemAll_00 loaded! LR: 0x2772EA6674
[Framework] Registered 0x21BA7D4668 as Menu_ItemAll_00, p2: 0x21A64CEC70, p3: 0x21BA7D4588, p4: 0x0, p5: 0x210E2371F1, param_6: 0x6E, param_7: 0x0, param_8: 1, param_9: 0x7190, 0x3DC0
[BuildSceneController] SceneManager: 0x21A64CEC70, Heap: 0x21B9A67E90, Screen ID: 68, Unknown: 0x0, called by 0x4A9B20
[Framework] Menu_Item_00 loaded! LR: 0x2772EA6674
[Framework] Registered 0x21BA7E2A40 as Menu_Item_00, p2: 0x21A64CEC70, p3: 0x21BA7E2960, p4: 0x0, p5: 0x210E237183, param_6: 0x44, param_7: 0x0, param_8: 1, param_9: 0x7190, 0x3DC0
[BuildSceneController] SceneManager: 0x21A64CEC70, Heap: 0x21B9A67E90, Screen ID: 160, Unknown: 0x0, called by 0x4A9B20
[Framework] Menu_ShopConfirm_00 loaded! LR: 0x2772EA6674
[Framework] Registered 0x21BB6153C8 as Menu_ShopConfirm_00, p2: 0x21A64CEC70, p3: 0x21BB6152E8, p4: 0x0, p5: 0x210E238D7F, param_6: 0xA0, param_7: 0x0, param_8: 1, param_9: 0x7190, 0x3DC0
[BuildSceneController] SceneManager: 0x21A64CEC70, Heap: 0x21B9A67E90, Screen ID: 161, Unknown: 0x0, called by 0x4A9B20
[Framework] Menu_ShopFade_00 loaded! LR: 0x2772EA6674
[Framework] Registered 0x21BB6355B8 as Menu_ShopFade_00, p2: 0x21A64CEC70, p3: 0x21BB6354D8, p4: 0x0, p5: 0x210E238D8B, param_6: 0xA1, param_7: 0x0, param_8: 0, param_9: 0x7190, 0x3DC0
[BuildSceneController] SceneManager: 0x21A64CEC70, Heap: 0x21B9A67E90, Screen ID: 54, Unknown: 0x0, called by 0x4A9B20
[Framework] Menu_MiiList_00 loaded! LR: 0x2772EA6674
[Framework] Registered 0x21BB63AA40 as Menu_MiiList_00, p2: 0x21A64CEC70, p3: 0x21BB63A960, p4: 0x0, p5: 0x210E237924, param_6: 0x36, param_7: 0x0, param_8: 1, param_9: 0x7190, 0x3DC0
[BuildSceneController] SceneManager: 0x21A64CEC70, Heap: 0x21B9A67E90, Screen ID: 66, Unknown: 0x0, called by 0x4A9B20
[Framework] Menu_HouseList_00 loaded! LR: 0x2772EA6674
[Framework] Registered 0x21BBB30AB0 as Menu_HouseList_00, p2: 0x21A64CEC70, p3: 0x21BBB309D0, p4: 0x0, p5: 0x210E236FC8, param_6: 0x42, param_7: 0x0, param_8: 0, param_9: 0x7190, 0x3DC0
[BuildSceneController] SceneManager: 0x21A64CEC70, Heap: 0x21B9A67E90, Screen ID: 138, Unknown: 0x0, called by 0x4A9B20
[Framework] Menu_ResidentList_00 loaded! LR: 0x2772EA6674
[Framework] Registered 0x21BBC13998 as Menu_ResidentList_00, p2: 0x21A64CEC70, p3: 0x21BBC138B8, p4: 0x0, p5: 0x210E237DBA, param_6: 0x8A, param_7: 0x0, param_8: 1, param_9: 0x7190, 0x3DC0
[BuildSceneController] SceneManager: 0x21A64CEC70, Heap: 0x21B9A67E90, Screen ID: 137, Unknown: 0x0, called by 0x4A9B20
[Framework] Menu_LiveTogetherList_00 loaded! LR: 0x2772EA6674
[Framework] Registered 0x21BBF810B0 as Menu_LiveTogetherList_00, p2: 0x21A64CEC70, p3: 0x21BBF80FD0, p4: 0x0, p5: 0x210E237281, param_6: 0x89, param_7: 0x0, param_8: 1, param_9: 0x7190, 0x3DC0
[BuildSceneController] SceneManager: 0x21A64CEC70, Heap: 0x21B9A67E90, Screen ID: 28, Unknown: 0x0, called by 0x4A9B20
[Framework] Menu_SelectRoom_00 loaded! LR: 0x2772EA6674
[Framework] Registered 0x21BC2CD4C8 as Menu_SelectRoom_00, p2: 0x21A64CEC70, p3: 0x21BC2CD3E8, p4: 0x0, p5: 0x210E237DC7, param_6: 0x1C, param_7: 0x0, param_8: 1, param_9: 0x7190, 0x3DC0
[BuildSceneController] SceneManager: 0x21A64CEC70, Heap: 0x21B9A67E90, Screen ID: 29, Unknown: 0x0, called by 0x4A9B20
[Framework] Menu_HouseChange_00 loaded! LR: 0x2772EA6674
[Framework] Registered 0x21BC2E6AF8 as Menu_HouseChange_00, p2: 0x21A64CEC70, p3: 0x21BC2E6A18, p4: 0x0, p5: 0x210E236FDC, param_6: 0x1D, param_7: 0x0, param_8: 0, param_9: 0x7190, 0x3DC0
[BuildSceneController] SceneManager: 0x21A64CEC70, Heap: 0x21B9A67E90, Screen ID: 1, Unknown: 0x0, called by 0x4A9B20
[Framework] Island_3D_00 loaded! LR: 0x2772EA6674
[Framework] Registered 0x21BC2F8030 as Island_3D_00, p2: 0x21A64CEC70, p3: 0x21BC2F7F50, p4: 0x0, p5: 0x210E2364D7, param_6: 0x1, param_7: 0x1, param_8: 1, param_9: 0x7190, 0x3DC0
[BuildSceneController] SceneManager: 0x21A64CEC70, Heap: 0x21B9A67E90, Screen ID: 53, Unknown: 0x0, called by 0x4A9B20
[Framework] Island_3D_00 loaded! LR: 0x2772EA6674
[Framework] Registered 0x21BE8720E0 as Island_3D_00, p2: 0x21A64CEC70, p3: 0x21BE872000, p4: 0x0, p5: 0x210E2364E0, param_6: 0x35, param_7: 0x0, param_8: 1, param_9: 0x7190, 0x3DC0
[BuildSceneController] SceneManager: 0x21A64CEC70, Heap: 0x21B9A67E90, Screen ID: 2, Unknown: 0x0, called by 0x4A9B20
[Framework] Island_3D_00 loaded! LR: 0x2772EA6674
[Framework] Registered 0x21BEAA4F70 as Island_3D_00, p2: 0x21A64CEC70, p3: 0x21BEAA4E90, p4: 0x0, p5: 0x210E2364EE, param_6: 0x2, param_7: 0x0, param_8: 1, param_9: 0x7190, 0x3DC0
[BuildSceneController] SceneManager: 0x21A64CEC70, Heap: 0x21B9A67E90, Screen ID: 4, Unknown: 0x0, called by 0x4A9B20
[Framework] Island_EntranceInfo_00 loaded! LR: 0x2772EA6674
[Framework] Registered 0x21BEC80EC0 as Island_EntranceInfo_00, p2: 0x21A64CEC70, p3: 0x21BEC80DE0, p4: 0x0, p5: 0x210E23704B, param_6: 0x4, param_7: 0x0, param_8: 0, param_9: 0x7190, 0x3DC0
[BuildSceneController] SceneManager: 0x21A64CEC70, Heap: 0x21B9A67E90, Screen ID: 168, Unknown: 0x0, called by 0x4A9B20
[Framework] Common_Dialog_00 loaded! LR: 0x2772EA6674
[Framework] Registered 0x21BED45DC0 as Common_Dialog_00, p2: 0x21A64CEC70, p3: 0x21BED45CE0, p4: 0x0, p5: 0x210E236A7E, param_6: 0xA8, param_7: 0x0, param_8: 1, param_9: 0x7190, 0x3DC0
[BuildSceneController] SceneManager: 0x21A64CEC70, Heap: 0x21B9A67E90, Screen ID: 135, Unknown: 0x0, called by 0x4A9B20
[Framework] Tutorial_OpeningMii_00 loaded! LR: 0x2772EA6674
[Framework] Registered 0x21BED57F78 as Tutorial_OpeningMii_00, p2: 0x21A64CEC70, p3: 0x21BED57E98, p4: 0x0, p5: 0x210E236EF6, param_6: 0x87, param_7: 0x0, param_8: 1, param_9: 0x7190, 0x3DC0
[BuildSceneController] SceneManager: 0x21A64CEC70, Heap: 0x21B9A67E90, Screen ID: 163, Unknown: 0x0, called by 0x4A9B20
[Framework] Common_Spotlight_00 loaded! LR: 0x2772EA6674
[Framework] Registered 0x21BED6BBA8 as Common_Spotlight_00, p2: 0x21A64CEC70, p3: 0x21BED6BAC8, p4: 0x0, p5: 0x210E238E54, param_6: 0xA3, param_7: 0x0, param_8: 0, param_9: 0x7190, 0x3DC0
[BuildSceneController] SceneManager: 0x21A64CEC70, Heap: 0x21B9A67E90, Screen ID: 179, Unknown: 0x0, called by 0x4A9B20
[Framework] Common_Pointing_00 loaded! LR: 0x2772EA6674
[Framework] Registered 0x21BED6F978 as Common_Pointing_00, p2: 0x21A64CEC70, p3: 0x21BED6F898, p4: 0x0, p5: 0x210E237D36, param_6: 0xB3, param_7: 0x0, param_8: 0, param_9: 0x7190, 0x3DC0
[BuildSceneController] SceneManager: 0x21A64CEC70, Heap: 0x21B9A67E90, Screen ID: 144, Unknown: 0x0, called by 0x4A9B20
[Framework] Island_EventDialog_00 loaded! LR: 0x2772EA6674
[Framework] Registered 0x21BED72B38 as Island_EventDialog_00, p2: 0x21A64CEC70, p3: 0x21BED72A58, p4: 0x0, p5: 0x210E2378F1, param_6: 0x90, param_7: 0x0, param_8: 1, param_9: 0x7190, 0x3DC0
[BuildSceneController] SceneManager: 0x21A64CEC70, Heap: 0x21B9A67E90, Screen ID: 176, Unknown: 0x0, called by 0x4A9B20
[Framework] MiniGame_Base_00 loaded! LR: 0x2772EA6674
[Framework] Registered 0x21BED797B0 as MiniGame_Base_00, p2: 0x21A64CEC70, p3: 0x21BED796D0, p4: 0x0, p5: 0x210E237B9A, param_6: 0xB0, param_7: 0x0, param_8: 1, param_9: 0x7190, 0x3DC0
[BuildSceneController] SceneManager: 0x21A64CEC70, Heap: 0x21B9A67E90, Screen ID: 142, Unknown: 0x0, called by 0x4A9B20
[Framework] MiniGame_PrizeBox_00 loaded! LR: 0x2772EA6674
[Framework] Registered 0x21BED92E60 as MiniGame_PrizeBox_00, p2: 0x21A64CEC70, p3: 0x21BED92D80, p4: 0x0, p5: 0x210E237BD1, param_6: 0x8E, param_7: 0x0, param_8: 1, param_9: 0x7190, 0x3DC0
[BuildSceneController] SceneManager: 0x21A64CEC70, Heap: 0x21B9A67E90, Screen ID: 33, Unknown: 0x0, called by 0x4A9B20
[Framework] MiiTouch_MiiBrain_00 loaded! LR: 0x2772EA6674
[Framework] Registered 0x21BED967C0 as MiiTouch_MiiBrain_00, p2: 0x21A64CEC70, p3: 0x21BED966E0, p4: 0x0, p5: 0x210E2376CA, param_6: 0x21, param_7: 0x0, param_8: 1, param_9: 0x7190, 0x3DC0
[BuildSceneController] SceneManager: 0x21A64CEC70, Heap: 0x21B9A67E90, Screen ID: 178, Unknown: 0x0, called by 0x4A9B20
[Framework] MiiTouch_MiiStomach_00 loaded! LR: 0x2772EA6674
[Framework] Registered 0x21BEDAA3B8 as MiiTouch_MiiStomach_00, p2: 0x21A64CEC70, p3: 0x21BEDAA2D8, p4: 0x0, p5: 0x210E2379E5, param_6: 0xB2, param_7: 0x0, param_8: 0, param_9: 0x7190, 0x3DC0
[BuildSceneController] SceneManager: 0x21A64CEC70, Heap: 0x21B9A67E90, Screen ID: 52, Unknown: 0x0, called by 0x4A9B20
[Framework] Event_SelectBtn_00 loaded! LR: 0x2772EA6674
[Framework] Registered 0x21BEDB00F8 as Event_SelectBtn_00, p2: 0x21A64CEC70, p3: 0x21BEDB0018, p4: 0x0, p5: 0x210E236A5A, param_6: 0x34, param_7: 0x0, param_8: 1, param_9: 0x7190, 0x3DC0
[BuildSceneController] SceneManager: 0x21A64CEC70, Heap: 0x21B9A67E90, Screen ID: 50, Unknown: 0x0, called by 0x4A9B20
[Framework] Common_MoneyBottom_00 loaded! LR: 0x2772EA6674
[Framework] Registered 0x21BEDBCDE8 as Common_MoneyBottom_00, p2: 0x21A64CEC70, p3: 0x21BEDBCD08, p4: 0x0, p5: 0x210E237CAE, param_6: 0x32, param_7: 0x0, param_8: 0, param_9: 0x7190, 0x3DC0
[BuildSceneController] SceneManager: 0x21A64CEC70, Heap: 0x21B9A67E90, Screen ID: 57, Unknown: 0x0, called by 0x4A9B20
[Framework] Island_RelationGraph_01 loaded! LR: 0x2772EA6674
[Framework] Registered 0x21BEDC0650 as Island_RelationGraph_01, p2: 0x21A64CEC70, p3: 0x21BEDC0570, p4: 0x0, p5: 0x210E237D68, param_6: 0x39, param_7: 0x0, param_8: 1, param_9: 0x7190, 0x3DC0
[BuildSceneController] SceneManager: 0x21A64CEC70, Heap: 0x21B9A67E90, Screen ID: 58, Unknown: 0x0, called by 0x4A9B20
[Framework] Island_RelationGraphMulti_00 loaded! LR: 0x2772EA6674
[Framework] Registered 0x21BEDFC9D8 as Island_RelationGraphMulti_00, p2: 0x21A64CEC70, p3: 0x21BEDFC8F8, p4: 0x0, p5: 0x210E237D81, param_6: 0x3A, param_7: 0x0, param_8: 0, param_9: 0x7190, 0x3DC0
[BuildSceneController] SceneManager: 0x21A64CEC70, Heap: 0x21B9A67E90, Screen ID: 146, Unknown: 0x0, called by 0x4A9B20
[Framework] MiiTouch_RelationshipsRanking_00 loaded! LR: 0x2772EA6674
[Framework] Registered 0x21BEE1A758 as MiiTouch_RelationshipsRanking_00, p2: 0x21A64CEC70, p3: 0x21BEE1A678, p4: 0x0, p5: 0x210E237DA5, param_6: 0x92, param_7: 0x0, param_8: 1, param_9: 0x7190, 0x3DC0
[BuildSceneController] SceneManager: 0x21A64CEC70, Heap: 0x21B9A67E90, Screen ID: 104, Unknown: 0x0, called by 0x4A9B20
[Framework] Menu_ChangeClothes_00 loaded! LR: 0x2772EA6674
[Framework] Registered 0x21BEE626C8 as Menu_ChangeClothes_00, p2: 0x21A64CEC70, p3: 0x21BEE625E8, p4: 0x0, p5: 0x210E236621, param_6: 0x68, param_7: 0x0, param_8: 1, param_9: 0x7190, 0x3DC0
[BuildSceneController] SceneManager: 0x21A64CEC70, Heap: 0x21B9A67E90, Screen ID: 111, Unknown: 0x0, called by 0x4A9B20
[Framework] MiiTouch_PetitPersonality_00 loaded! LR: 0x2772EA6674
[Framework] Registered 0x21BF1799E0 as MiiTouch_PetitPersonality_00, p2: 0x21A64CEC70, p3: 0x21BF179900, p4: 0x0, p5: 0x210E237CD7, param_6: 0x6F, param_7: 0x0, param_8: 1, param_9: 0x7190, 0x3DC0
[BuildSceneController] SceneManager: 0x21A64CEC70, Heap: 0x21B9A67E90, Screen ID: 69, Unknown: 0x0, called by 0x4A9B20
[Framework] Menu_LevelUpPresent_00 loaded! LR: 0x2772EA6674
[Framework] Registered 0x21BF2243C8 as Menu_LevelUpPresent_00, p2: 0x21A64CEC70, p3: 0x21BF2242E8, p4: 0x0, p5: 0x210E237261, param_6: 0x45, param_7: 0x0, param_8: 1, param_9: 0x7190, 0x3DC0
[BuildSceneController] SceneManager: 0x21A64CEC70, Heap: 0x21B9A67E90, Screen ID: 34, Unknown: 0x0, called by 0x4A9B20
[Framework] Menu_ItemMiiGoods_00 loaded! LR: 0x2772EA6674
[Framework] Registered 0x21BF2EC9C0 as Menu_ItemMiiGoods_00, p2: 0x21A64CEC70, p3: 0x21BF2EC8E0, p4: 0x0, p5: 0x210E237913, param_6: 0x22, param_7: 0x0, param_8: 1, param_9: 0x7190, 0x3DC0
[BuildSceneController] SceneManager: 0x21A64CEC70, Heap: 0x21B9A67E90, Screen ID: 67, Unknown: 0x0, called by 0x4A9B20
[Framework] Menu_House_00 loaded! LR: 0x2772EA6674
[Framework] Registered 0x21BF309620 as Menu_House_00, p2: 0x21A64CEC70, p3: 0x21BF309540, p4: 0x0, p5: 0x210E236FD2, param_6: 0x43, param_7: 0x0, param_8: 1, param_9: 0x7190, 0x3DC0
[BuildSceneController] SceneManager: 0x21A64CEC70, Heap: 0x21B9A67E90, Screen ID: 188, Unknown: 0x0, called by 0x4A9B20
[Framework] Event_TripOP_00 loaded! LR: 0x2772EA6674
[Framework] Registered 0x21BF327BD0 as Event_TripOP_00, p2: 0x21A64CEC70, p3: 0x21BF327AF0, p4: 0x0, p5: 0x210E238E48, param_6: 0xBC, param_7: 0x0, param_8: 0, param_9: 0x7190, 0x3DC0
[BuildSceneController] SceneManager: 0x21A64CEC70, Heap: 0x21B9A67E90, Screen ID: 183, Unknown: 0x0, called by 0x4A9B20
[Framework] Common_FadeDemo_00 loaded! LR: 0x2772EA6674
[Framework] Registered 0x21BF378F38 as Common_FadeDemo_00, p2: 0x21A64CEC70, p3: 0x21BF378E58, p4: 0x0, p5: 0x210E236998, param_6: 0xB7, param_7: 0x0, param_8: 0, param_9: 0x7190, 0x3DC0
[BuildSceneController] SceneManager: 0x21A64CEC70, Heap: 0x21B9A67E90, Screen ID: 184, Unknown: 0x0, called by 0x4A9B20
[Framework] Common_FadeDream_00 loaded! LR: 0x2772EA6674
[Framework] Registered 0x21BF37EA28 as Common_FadeDream_00, p2: 0x21A64CEC70, p3: 0x21BF37E948, p4: 0x0, p5: 0x210E236A91, param_6: 0xB8, param_7: 0x2, param_8: 0, param_9: 0x7190, 0x3DC0
[BuildSceneController] SceneManager: 0x21A64CEC70, Heap: 0x21B9A67E90, Screen ID: 7, Unknown: 0x0, called by 0x4A9B20
[Framework] Common_DemoPicture_00 loaded! LR: 0x2772EA6674
[Framework] Registered 0x21BF381FF8 as Common_DemoPicture_00, p2: 0x21A64CEC70, p3: 0x21BF381F18, p4: 0x0, p5: 0x210E2369FD, param_6: 0x7, param_7: 0x0, param_8: 0, param_9: 0x7190, 0x3DC0
[BuildSceneController] SceneManager: 0x21A64CEC70, Heap: 0x21B9A67E90, Screen ID: 187, Unknown: 0x0, called by 0x4A9B20
[Framework] Common_BodyEmpty_00 loaded! LR: 0x2772EA6674
[Framework] Registered 0x21BF384C30 as Common_BodyEmpty_00, p2: 0x21A64CEC70, p3: 0x21BF384B50, p4: 0x0, p5: 0x210E238105, param_6: 0xBB, param_7: 0x0, param_8: 0, param_9: 0x7190, 0x3DC0
[BuildSceneController] SceneManager: 0x21A64CEC70, Heap: 0x21B9A67E90, Screen ID: 35, Unknown: 0x0, called by 0x4A9B20
[Framework] Common_Dream_00 loaded! LR: 0x2772EA6674
[Framework] Registered 0x21BF387000 as Common_Dream_00, p2: 0x21A64CEC70, p3: 0x21BF386F20, p4: 0x0, p5: 0x210E236A85, param_6: 0x23, param_7: 0x0, param_8: 1, param_9: 0x7190, 0x3DC0
[BuildSceneController] SceneManager: 0x21A64CEC70, Heap: 0x21B9A67E90, Screen ID: 8, Unknown: 0x0, called by 0x4A9B20
[Framework] Common_DemoPicture_00 loaded! LR: 0x2772EA6674
[Framework] Registered 0x21BF389578 as Common_DemoPicture_00, p2: 0x21A64CEC70, p3: 0x21BF389498, p4: 0x0, p5: 0x210E23697E, param_6: 0x8, param_7: 0x0, param_8: 0, param_9: 0x7190, 0x3DC0
[BuildSceneController] SceneManager: 0x21A64CEC70, Heap: 0x21B9A67E90, Screen ID: 167, Unknown: 0x0, called by 0x4A9B20
[Framework] Common_DarkBG_00 loaded! LR: 0x2772EA6674
[Framework] Registered 0x21BF38E0A0 as Common_DarkBG_00, p2: 0x21A64CEC70, p3: 0x21BF38DFC0, p4: 0x0, p5: 0x210E23665E, param_6: 0xA7, param_7: 0x0, param_8: 0, param_9: 0x7190, 0x3DC0
[BuildSceneController] SceneManager: 0x21A64CEC70, Heap: 0x21B9A67E90, Screen ID: 128, Unknown: 0x0, called by 0x4A9B20
[Framework] Menu_Advice_00 loaded! LR: 0x2772EA6674
[Framework] Registered 0x21BF3904A8 as Menu_Advice_00, p2: 0x21A64CEC70, p3: 0x21BF3903C8, p4: 0x0, p5: 0x210E23694F, param_6: 0x80, param_7: 0x0, param_8: 0, param_9: 0x7190, 0x3DC0
[BuildSceneController] SceneManager: 0x21A64CEC70, Heap: 0x21B9A67E90, Screen ID: 75, Unknown: 0x0, called by 0x4A9B20
[Framework] Menu_UGCTextList_00 loaded! LR: 0x2772EA6674
[Framework] Registered 0x21BF3A7A80 as Menu_UGCTextList_00, p2: 0x21A64CEC70, p3: 0x21BF3A79A0, p4: 0x0, p5: 0x210E239101, param_6: 0x4B, param_7: 0x0, param_8: 1, param_9: 0x7190, 0x3DC0
[BuildSceneController] SceneManager: 0x21A64CEC70, Heap: 0x21B9A67E90, Screen ID: 156, Unknown: 0x0, called by 0x4A9B20
[Framework] Event_NewsFade_00 loaded! LR: 0x2772EA6674
[Framework] Registered 0x21BF4F9D58 as Event_NewsFade_00, p2: 0x21A64CEC70, p3: 0x21BF4F9C78, p4: 0x0, p5: 0x210E2379B8, param_6: 0x9C, param_7: 0x0, param_8: 1, param_9: 0x7190, 0x3DC0
[BuildSceneController] SceneManager: 0x21A64CEC70, Heap: 0x21B9A67E90, Screen ID: 109, Unknown: 0x0, called by 0x4A9B20
[Framework] Menu_PocketMoney_00 loaded! LR: 0x2772EA6674
[Framework] Registered 0x21BF504AC0 as Menu_PocketMoney_00, p2: 0x21A64CEC70, p3: 0x21BF5049E0, p4: 0x0, p5: 0x210E236F90, param_6: 0x6D, param_7: 0x0, param_8: 1, param_9: 0x7190, 0x3DC0
[BuildSceneController] SceneManager: 0x21A64CEC70, Heap: 0x21B9A67E90, Screen ID: 72, Unknown: 0x0, called by 0x4A9B20
[Framework] Menu_SettingEntranceSpace_00 loaded! LR: 0x2772EA6674
[Framework] Registered 0x21BF51A948 as Menu_SettingEntranceSpace_00, p2: 0x21A64CEC70, p3: 0x21BF51A868, p4: 0x0, p5: 0x210E237CBA, param_6: 0x48, param_7: 0x0, param_8: 1, param_9: 0x7190, 0x3DC0
[BuildSceneController] SceneManager: 0x21A64CEC70, Heap: 0x21B9A67E90, Screen ID: 80, Unknown: 0x0, called by 0x4A9B20
[Framework] Menu_PlayerSetting_00 loaded! LR: 0x2772EA6674
[Framework] Registered 0x21BF520CC0 as Menu_PlayerSetting_00, p2: 0x21A64CEC70, p3: 0x21BF520BE0, p4: 0x0, p5: 0x210E237D19, param_6: 0x50, param_7: 0x0, param_8: 1, param_9: 0x7190, 0x3DC0
[BuildSceneController] SceneManager: 0x21A64CEC70, Heap: 0x21B9A67E90, Screen ID: 78, Unknown: 0x0, called by 0x4A9B20
[Framework] Menu_OptionSetting_00 loaded! LR: 0x2772EA6674
[Framework] Registered 0x21BF52C788 as Menu_OptionSetting_00, p2: 0x21A64CEC70, p3: 0x21BF52C6A8, p4: 0x0, p5: 0x210E237CC9, param_6: 0x4E, param_7: 0x0, param_8: 1, param_9: 0x7190, 0x3DC0
[BuildSceneController] SceneManager: 0x21A64CEC70, Heap: 0x21B9A67E90, Screen ID: 173, Unknown: 0x0, called by 0x4A9B20
[Framework] Menu_SettingDialog loaded! LR: 0x2772EA6674
[Framework] Registered 0x21BF5426C8 as Menu_SettingDialog, p2: 0x21A64CEC70, p3: 0x21BF5425E8, p4: 0x0, p5: 0x210E238D5A, param_6: 0xAD, param_7: 0x0, param_8: 1, param_9: 0x7190, 0x3DC0
[BuildSceneController] SceneManager: 0x21A64CEC70, Heap: 0x21B9A67E90, Screen ID: 59, Unknown: 0x0, called by 0x4A9B20
[Framework] Menu_IslandInfo_00 loaded! LR: 0x2772EA6674
[Framework] Registered 0x21BF572F38 as Menu_IslandInfo_00, p2: 0x21A64CEC70, p3: 0x21BF572E58, p4: 0x0, p5: 0x210E23705E, param_6: 0x3B, param_7: 0x0, param_8: 1, param_9: 0x7190, 0x3DC0
[BuildSceneController] SceneManager: 0x21A64CEC70, Heap: 0x21B9A67E90, Screen ID: 63, Unknown: 0x0, called by 0x4A9B20
[Framework] Menu_LevelUpPresentBg_00 loaded! LR: 0x2772EA6674
[Framework] Registered 0x21BF59CE10 as Menu_LevelUpPresentBg_00, p2: 0x21A64CEC70, p3: 0x21BF59CD30, p4: 0x0, p5: 0x210E237270, param_6: 0x3F, param_7: 0x0, param_8: 1, param_9: 0x7190, 0x3DC0
[BuildSceneController] SceneManager: 0x21A64CEC70, Heap: 0x21B9A67E90, Screen ID: 77, Unknown: 0x0, called by 0x4A9B20
[Framework] MiiTouch_Pronoun_00 loaded! LR: 0x2772EA6674
[Framework] Registered 0x21BF59FA08 as MiiTouch_Pronoun_00, p2: 0x21A64CEC70, p3: 0x21BF59F928, p4: 0x0, p5: 0x210E236AEB, param_6: 0x4D, param_7: 0x0, param_8: 1, param_9: 0x7190, 0x3DC0
[BuildSceneController] SceneManager: 0x21A64CEC70, Heap: 0x21B9A67E90, Screen ID: 139, Unknown: 0x0, called by 0x4A9B20
[Framework] Menu_PointChangeList_01 loaded! LR: 0x2772EA6674
[Framework] Registered 0x21BF5ACE00 as Menu_PointChangeList_01, p2: 0x21A64CEC70, p3: 0x21BF5ACD20, p4: 0x0, p5: 0x210E238E26, param_6: 0x8B, param_7: 0x0, param_8: 1, param_9: 0x7190, 0x3DC0
[BuildSceneController] SceneManager: 0x21A64CEC70, Heap: 0x21B9A67E90, Screen ID: 62, Unknown: 0x0, called by 0x4A9B20
[Framework] Menu_IslandInfoDeteal_00 loaded! LR: 0x2772EA6674
[Framework] Registered 0x21BF8E6BB0 as Menu_IslandInfoDeteal_00, p2: 0x21A64CEC70, p3: 0x21BF8E6AD0, p4: 0x0, p5: 0x210E237069, param_6: 0x3E, param_7: 0x0, param_8: 1, param_9: 0x7190, 0x3DC0
[BuildSceneController] SceneManager: 0x21A64CEC70, Heap: 0x21B9A67E90, Screen ID: 64, Unknown: 0x0, called by 0x4A9B20
[Framework] Menu_MiiCharacteDistribution_00 loaded! LR: 0x2772EA6674
[Framework] Registered 0x21BF96CA38 as Menu_MiiCharacteDistribution_00, p2: 0x21A64CEC70, p3: 0x21BF96C958, p4: 0x0, p5: 0x210E237703, param_6: 0x40, param_7: 0x0, param_8: 1, param_9: 0x7190, 0x3DC0
[BuildSceneController] SceneManager: 0x21A64CEC70, Heap: 0x21B9A67E90, Screen ID: 71, Unknown: 0x0, called by 0x4A9B20
[Framework] Menu_MiiCharacterDeteal_00 loaded! LR: 0x2772EA6674
[Framework] Registered 0x21BF99D6C0 as Menu_MiiCharacterDeteal_00, p2: 0x21A64CEC70, p3: 0x21BF99D5E0, p4: 0x0, p5: 0x210E2376F0, param_6: 0x47, param_7: 0x0, param_8: 1, param_9: 0x7190, 0x3DC0
[BuildSceneController] SceneManager: 0x21A64CEC70, Heap: 0x21B9A67E90, Screen ID: 157, Unknown: 0x0, called by 0x4A9B20
[Framework] Event_NewsFade_01 loaded! LR: 0x2772EA6674
[Framework] Registered 0x21BF9E5D20 as Event_NewsFade_01, p2: 0x21A64CEC70, p3: 0x21BF9E5C40, p4: 0x0, p5: 0x210E2379D5, param_6: 0x9D, param_7: 0x0, param_8: 1, param_9: 0x7190, 0x3DC0
[Mod] ScreenStaticHeap initialization complete and sealed.
[Framework] Common_Title_00 loaded! LR: 0x2772EA6674
[Framework] Registered 0x21CD2FECE8 as Common_Title_00, p2: 0x21A64CEC70, p3: 0x21CD2FFCC0, p4: 0x0, p5: 0x210E238E07, param_6: 0xB1, param_7: 0x0, param_8: 1, param_9: 0xEDB0, 0x3DC0
[FSM Library] Storing gameplay controller: 0x21C02FCA00
[FSM Library] Registered Native ID 0x88
[BuildSceneController] SceneManager: 0x21A64CEC70, Heap: 0x21C53B96E0, Screen ID: 24, Unknown: 0x0, called by 0x4A9B20
[Framework] Island_Edit_01 loaded! LR: 0x2772EA6674
[Framework] Registered 0x21C53CBC70 as Island_Edit_01, p2: 0x21A64CEC70, p3: 0x21C53CBB90, p4: 0x0, p5: 0x210E23703E, param_6: 0x18, param_7: 0x0, param_8: 1, param_9: 0x72B0, 0x3DC0
[BuildSceneController] SceneManager: 0x21A64CEC70, Heap: 0x21B9406690, Screen ID: 131, Unknown: 0x0, called by 0x4A9B20
[Framework] Menu_ItemBookBg_00 loaded! LR: 0x2772EA6674
[Framework] Registered 0x21C55B27C0 as Menu_ItemBookBg_00, p2: 0x21A64CEC70, p3: 0x21C55B26E0, p4: 0x0, p5: 0x210E236BC2, param_6: 0x83, param_7: 0x0, param_8: 0, param_9: 0x72A0, 0x3DC0
[Scanner] ctrl: 0x21BA2F25C8, "Island_Menu_00", "L_ResidentList_00"
[Scanner] About to call Native Function at: 0x821283AC
[Mod] Gameplay controller: 0x21C02FCA00, State machine 0x21C02FCA20
[Tomodachi] Warp Initiated w/ base 0x800CA000: 0x21C02FCA00 -> State 0x88
[Mod] AppOpenStart entered! param_1 = 0x21B9A68090
[Mod] AppOpenStart Logic Completed Safely